<html>
<head>
<title>TestNG:  Default test</title>
<link href="../testng.css" rel="stylesheet" type="text/css" />
<link href="../my-testng.css" rel="stylesheet" type="text/css" />

<style type="text/css">
.log { display: none;} 
.stack-trace { display: none;} 
</style>
<script type="text/javascript">
<!--
function flip(e) {
  current = e.style.display;
  if (current == 'block') {
    e.style.display = 'none';
    return 0;
  }
  else {
    e.style.display = 'block';
    return 1;
  }
}

function toggleBox(szDivId, elem, msg1, msg2)
{
  var res = -1;  if (document.getElementById) {
    res = flip(document.getElementById(szDivId));
  }
  else if (document.all) {
    // this is the way old msie versions work
    res = flip(document.all[szDivId]);
  }
  if(elem) {
    if(res == 0) elem.innerHTML = msg1; else elem.innerHTML = msg2;
  }

}

function toggleAllBoxes() {
  if (document.getElementsByTagName) {
    d = document.getElementsByTagName('div');
    for (i = 0; i < d.length; i++) {
      if (d[i].className == 'log') {
        flip(d[i]);
      }
    }
  }
}

// -->
</script>

</head>
<body>
<h2 align='center'>Default test</h2><table border='1' align="center">
<tr>
<td>Tests passed/Failed/Skipped:</td><td>3/2/0</td>
</tr><tr>
<td>Started on:</td><td>Thu Apr 22 16:44:34 IST 2021</td>
</tr>
<tr><td>Total time:</td><td>51 seconds (51815 ms)</td>
</tr><tr>
<td>Included groups:</td><td></td>
</tr><tr>
<td>Excluded groups:</td><td></td>
</tr>
</table><p/>
<small><i>(Hover the method name to see the test class name)</i></small><p/>
<table width='100%' border='1' class='invocation-failed'>
<tr><td colspan='4' align='center'><b>FAILED TESTS</b></td></tr>
<tr><td><b>Test method</b></td>
<td width="30%"><b>Exception</b></td>
<td width="10%"><b>Time (seconds)</b></td>
<td><b>Instance</b></td>
</tr>
<tr>
<td title='parallel.ParallelTestNG.runScenario()'><b>runScenario</b><br>Test class: parallel.ParallelTestNG<br>Test method: Runs Cucumber Scenarios<br>Parameters: "Account Section Links", "Optional[Account Page Feature]"</td>
<td><div><pre>java.lang.AssertionError: expected:&lt;6&gt; but was:&lt;5&gt;
	at org.junit.Assert.fail(Assert.java:89)
	at org.junit.Assert.failNotEquals(Assert.java:835)
	at org.junit.Assert.assertEquals(Assert.java:647)
	at org.junit.Assert.assertEquals(Assert.java:633)
	at parallel.AccountPageSteps.links_are_displayed_in_the_account_section(AccountPageSteps.java:43)
	at ?.&quot;6&quot; links are displayed in the account section(file:///C:/Users/shashank.basant/eclipse-workspace/CucumberPOMFramework/src/test/resources/parallel/AccountPage.feature:21)
</pre></div><a href='#' onClick='toggleBox("stack-trace207131019", this, "Click to show all stack frames", "Click to hide stack frames")'>Click to show all stack frames</a>
<div class='stack-trace' id='stack-trace207131019'><pre>java.lang.AssertionError: expected:&lt;6&gt; but was:&lt;5&gt;
	at org.junit.Assert.fail(Assert.java:89)
	at org.junit.Assert.failNotEquals(Assert.java:835)
	at org.junit.Assert.assertEquals(Assert.java:647)
	at org.junit.Assert.assertEquals(Assert.java:633)
	at parallel.AccountPageSteps.links_are_displayed_in_the_account_section(AccountPageSteps.java:43)
	at ?.&quot;6&quot; links are displayed in the account section(file:///C:/Users/shashank.basant/eclipse-workspace/CucumberPOMFramework/src/test/resources/parallel/AccountPage.feature:21)
</pre></div></td>
<td>41</td>
<td>parallel.ParallelTestNG@617faa95</td></tr>
<tr>
<td title='parallel.ParallelTestNG.runScenario()'><b>runScenario</b><br>Test class: parallel.ParallelTestNG<br>Test method: Runs Cucumber Scenarios<br>Parameters: "Login with correct credentials", "Optional[Login page feature]"</td>
<td><div><pre>org.junit.ComparisonFailure: expected:&lt;My [A]ccount - My Store&gt; but was:&lt;My [a]ccount - My Store&gt;
	at org.junit.Assert.assertEquals(Assert.java:117)
	at org.junit.Assert.assertEquals(Assert.java:146)
	at parallel.LoginSteps.page_title_should_be(LoginSteps.java:28)
	at ?.Page title should be &quot;My Account - My Store&quot;(file:///C:/Users/shashank.basant/eclipse-workspace/CucumberPOMFramework/src/test/resources/parallel/LoginPage.feature:18)
</pre></div><a href='#' onClick='toggleBox("stack-trace1820717428", this, "Click to show all stack frames", "Click to hide stack frames")'>Click to show all stack frames</a>
<div class='stack-trace' id='stack-trace1820717428'><pre>org.junit.ComparisonFailure: expected:&lt;My [A]ccount - My Store&gt; but was:&lt;My [a]ccount - My Store&gt;
	at org.junit.Assert.assertEquals(Assert.java:117)
	at org.junit.Assert.assertEquals(Assert.java:146)
	at parallel.LoginSteps.page_title_should_be(LoginSteps.java:28)
	at ?.Page title should be &quot;My Account - My Store&quot;(file:///C:/Users/shashank.basant/eclipse-workspace/CucumberPOMFramework/src/test/resources/parallel/LoginPage.feature:18)
</pre></div></td>
<td>44</td>
<td>parallel.ParallelTestNG@617faa95</td></tr>
</table><p>
<table width='100%' border='1' class='invocation-passed'>
<tr><td colspan='4' align='center'><b>PASSED TESTS</b></td></tr>
<tr><td><b>Test method</b></td>
<td width="30%"><b>Exception</b></td>
<td width="10%"><b>Time (seconds)</b></td>
<td><b>Instance</b></td>
</tr>
<tr>
<td title='parallel.ParallelTestNG.runScenario()'><b>runScenario</b><br>Test class: parallel.ParallelTestNG<br>Test method: Runs Cucumber Scenarios<br>Parameters: "Login Page Title", "Optional[Login page feature]"</td>
<td></td>
<td>26</td>
<td>parallel.ParallelTestNG@617faa95</td></tr>
<tr>
<td title='parallel.ParallelTestNG.runScenario()'><b>runScenario</b><br>Test class: parallel.ParallelTestNG<br>Test method: Runs Cucumber Scenarios<br>Parameters: "Forgot Password Link", "Optional[Login page feature]"</td>
<td></td>
<td>27</td>
<td>parallel.ParallelTestNG@617faa95</td></tr>
<tr>
<td title='parallel.ParallelTestNG.runScenario()'><b>runScenario</b><br>Test class: parallel.ParallelTestNG<br>Test method: Runs Cucumber Scenarios<br>Parameters: "Accounts page title", "Optional[Account Page Feature]"</td>
<td></td>
<td>38</td>
<td>parallel.ParallelTestNG@617faa95</td></tr>
</table><p>
</body>
</html>